RUN	api.APIDemo	apidemo	1722427956419	test run	3.6.1
USER	Get API demo	START	1722427957340
USER	Get API demo	START	1722427957340
USER	Get API demo	START	1722427957340
USER	Get API demo	START	1722427957340
USER	Get API demo	START	1722427957340
USER	Post API demo	START	1722427957340
USER	Get API demo	START	1722427957340
USER	Get API demo	START	1722427957340
USER	Get API demo	START	1722427957340
USER	Post API demo	START	1722427957341
USER	Get API demo	START	1722427957340
USER	Post API demo	START	1722427957340
USER	Get API demo	START	1722427957340
USER	Post API demo	START	1722427957341
USER	Get API demo	START	1722427957340
USER	Delete API demo	START	1722427957430
USER	Delete API demo	START	1722427957430
USER	Delete API demo	START	1722427957431
USER	Delete API demo	START	1722427957431
USER	Delete API demo	START	1722427957430
USER	Delete API demo	START	1722427957430
USER	Post API demo	START	1722427957430
USER	Delete API demo	START	1722427957431
USER	Post API demo	START	1722427957430
USER	Delete API demo	START	1722427957431
USER	Post API demo	START	1722427957430
USER	Get API demo	START	1722427957340
USER	Delete API demo	START	1722427957432
USER	Delete API demo	START	1722427957432
USER	Delete API demo	START	1722427957432
USER	Put API demo	START	1722427957430
USER	Put API demo	START	1722427957432
USER	Put API demo	START	1722427957430
USER	Put API demo	START	1722427957431
USER	Put API demo	START	1722427957431
USER	Delete API demo	START	1722427957434
REQUEST		deleteUser	1722427957434	1722427957861	OK	 
REQUEST		deleteUser	1722427957431	1722427957865	OK	 
USER	Delete API demo	END	1722427957883
USER	Delete API demo	END	1722427957883
REQUEST		update User	1722427957433	1722427957889	OK	 
REQUEST		update User	1722427957433	1722427957884	OK	 
REQUEST		Create User	1722427957413	1722427957855	OK	 
REQUEST		Create User	1722427957413	1722427957842	OK	 
REQUEST		Create User	1722427957413	1722427957842	OK	 
REQUEST		Create User	1722427957413	1722427957851	OK	 
REQUEST		deleteUser	1722427957431	1722427957901	OK	 
REQUEST		deleteUser	1722427957431	1722427957900	OK	 
REQUEST		deleteUser	1722427957431	1722427957901	OK	 
REQUEST		deleteUser	1722427957431	1722427957901	OK	 
USER	Delete API demo	END	1722427957901
USER	Delete API demo	END	1722427957901
USER	Delete API demo	END	1722427957901
USER	Delete API demo	END	1722427957902
REQUEST		Get Single User	1722427957413	1722427957884	OK	 
REQUEST		Get Single User	1722427957413	1722427957900	OK	 
REQUEST		Get Single User	1722427957413	1722427957901	OK	 
REQUEST		Get Single User	1722427957413	1722427957813	OK	 
REQUEST		Get Single User	1722427957413	1722427957833	OK	 
REQUEST		Get Single User	1722427957413	1722427957829	OK	 
REQUEST		Get Single User	1722427957413	1722427957829	OK	 
REQUEST		Get Single User	1722427957413	1722427957838	OK	 
REQUEST		Get Single User	1722427957413	1722427957833	OK	 
REQUEST		Get Single User	1722427957413	1722427957820	OK	 
REQUEST		Get Single User	1722427957413	1722427957811	OK	 
REQUEST		deleteUser	1722427957431	1722427957904	OK	 
REQUEST		deleteUser	1722427957432	1722427957904	OK	 
REQUEST		Get Single User	1722427957413	1722427957822	OK	 
REQUEST		Create User	1722427957431	1722427957905	OK	 
USER	Delete API demo	END	1722427957905
REQUEST		update User	1722427957433	1722427957904	OK	 
REQUEST		deleteUser	1722427957432	1722427957905	OK	 
REQUEST		deleteUser	1722427957431	1722427957905	OK	 
USER	Delete API demo	END	1722427957906
REQUEST		update User	1722427957433	1722427957906	OK	 
REQUEST		deleteUser	1722427957431	1722427957906	OK	 
USER	Delete API demo	END	1722427957906
REQUEST		deleteUser	1722427957432	1722427957906	OK	 
USER	Delete API demo	END	1722427957906
USER	Delete API demo	END	1722427957906
USER	Delete API demo	END	1722427957907
REQUEST		Create User	1722427957431	1722427957906	OK	 
REQUEST		update User	1722427957433	1722427957907	OK	 
REQUEST		Create User	1722427957431	1722427957910	OK	 
USER	Post API demo	END	1722427959905
USER	Put API demo	END	1722427959905
USER	Post API demo	END	1722427959905
USER	Post API demo	END	1722427959905
USER	Get API demo	END	1722427959905
USER	Put API demo	END	1722427959906
USER	Post API demo	END	1722427959907
USER	Get API demo	END	1722427959907
USER	Get API demo	END	1722427959907
USER	Get API demo	END	1722427959921
USER	Get API demo	END	1722427959921
USER	Get API demo	END	1722427959921
USER	Get API demo	END	1722427959921
USER	Get API demo	END	1722427959921
USER	Get API demo	END	1722427959921
USER	Get API demo	END	1722427959921
USER	Get API demo	END	1722427959921
USER	Put API demo	END	1722427959921
USER	Post API demo	END	1722427959921
USER	Put API demo	END	1722427959921
USER	Post API demo	END	1722427959921
USER	Post API demo	END	1722427959922
USER	Put API demo	END	1722427959922
USER	Get API demo	END	1722427959922
